[2026-06-12 13:34:56] === Kalite temizleyici başladı (kuru=True) ===
[2026-06-12 13:34:56] Pipeline public video aday sayısı: 41
[2026-06-13 06:45:40] === Kalite temizleyici başladı (kuru=False) ===
[2026-06-13 06:45:40] Pipeline public video aday sayısı: 46
[2026-06-14 07:14:55] === Kalite temizleyici başladı (kuru=False) ===
[2026-06-14 07:14:55] Pipeline public video aday sayısı: 49
[2026-06-14 07:14:55] Private'a alınacak: 14 video
[2026-06-14 07:14:55]   [1672h] 12izl 1👍 → Why the rich wake up at 4 AM
[2026-06-14 07:14:56]     ✓ PRIVATE
[2026-06-14 07:14:56]   [1601h] 8izl 1👍 → Fascinating Facts from History Unveiled
[2026-06-14 07:14:57]     ✓ PRIVATE
[2026-06-14 07:14:57]   [1581h] 1izl 1👍 → What Makes Cosmic Sounds So Mysterious?
[2026-06-14 07:14:57]     ✓ PRIVATE
[2026-06-14 07:14:57]   [1573h] 4izl 1👍 → Uncovering Unseen Human Motives
[2026-06-14 07:14:59]     ✓ PRIVATE
[2026-06-14 07:14:59]   [1560h] 8izl 1👍 → Unlikely Baby Friends You Must See
[2026-06-14 07:15:01]     ✓ PRIVATE
[2026-06-14 07:15:01]   [391h] 9izl 0👍 → Fastest Tongue? Chameleons Strike Twice Their Body Length!
[2026-06-14 07:15:01]     ✓ PRIVATE
[2026-06-14 07:15:01]   [390h] 7izl 0👍 → Why is a group of owls called a parliament?
[2026-06-14 07:15:02]     ✓ PRIVATE
[2026-06-14 07:15:02]   [371h] 1izl 0👍 → Antarctica is the only continent without native reptiles or 
[2026-06-14 07:15:03]     ✓ PRIVATE
[2026-06-14 07:15:03]   [347h] 14izl 0👍 → Jellyfish Lake in Palau hosts millions of non-stinging golde
[2026-06-14 07:15:04]     ✓ PRIVATE
[2026-06-14 07:15:04]   [346h] 2izl 0👍 → Glass Sponges Live for 15,000 Years in the Deep Ocean
[2026-06-14 07:15:06]     ✓ PRIVATE
[2026-06-14 07:15:06]   [326h] 9izl 0👍 → Komodo Dragons: The Ultimate Solo Parents!
[2026-06-14 07:15:07]     ✓ PRIVATE
[2026-06-14 07:15:07]   [323h] 4izl 0👍 → Sloths have green fur due to algae growing in their shaggy c
[2026-06-14 07:15:08]     ✓ PRIVATE
[2026-06-14 07:15:08]   [299h] 0izl 0👍 → Dolphins sleep with half their brain awake to avoid drowning
[2026-06-14 07:15:09]     ✓ PRIVATE
[2026-06-14 07:15:09]   [276h] 12izl 0👍 → Dragon's Breath Chili: A Medical Marvel, Not a Meal!
[2026-06-14 07:15:10]     ✓ PRIVATE
[2026-06-14 07:15:10] === Bitti — 14 video private ===
[2026-06-15 08:47:34] === Kalite temizleyici başladı (kuru=False) ===
[2026-06-15 08:47:34] Pipeline public video aday sayısı: 51
[2026-06-15 08:47:34] Private'a alınacak: 0 video
[2026-06-15 08:47:34] === Bitti — 0 video private ===
[2026-06-16 08:37:56] === Kalite temizleyici başladı (kuru=False) ===
[2026-06-16 08:37:56] Pipeline public video aday sayısı: 53
[2026-06-16 08:37:56] Private'a alınacak: 0 video
[2026-06-16 08:37:56] === Bitti — 0 video private ===
[2026-06-17 08:20:59] === Kalite temizleyici başladı (kuru=False) ===
[2026-06-17 08:20:59] Pipeline public video aday sayısı: 55
[2026-06-17 08:20:59] Private'a alınacak: 1 video
[2026-06-17 08:20:59]   [107h] 27izl 1👍 → Whip Scorpions: Nature's Acid-Spraying Arachnids!
[2026-06-17 08:21:00]     ✓ PRIVATE
[2026-06-17 08:21:00] === Bitti — 1 video private ===
[2026-06-18 07:25:34] === Kalite temizleyici başladı (kuru=False) ===
[2026-06-18 07:25:34] Pipeline public video aday sayısı: 59
[2026-06-18 07:25:35] Private'a alınacak: 0 video
[2026-06-18 07:25:35] === Bitti — 0 video private ===
[2026-06-19 08:24:38] === Kalite temizleyici başladı (kuru=False) ===
[2026-06-19 08:24:38] Pipeline public video aday sayısı: 63
[2026-06-19 08:24:39] Private'a alınacak: 0 video
[2026-06-19 08:24:39] === Bitti — 0 video private ===
[2026-06-20 06:54:13] === Kalite temizleyici başladı (kuru=False) ===
[2026-06-20 06:54:13] Pipeline public video aday sayısı: 67
[2026-06-20 06:54:14] Private'a alınacak: 0 video
[2026-06-20 06:54:14] === Bitti — 0 video private ===
[2026-06-21 07:23:42] === Kalite temizleyici başladı (kuru=False) ===
[2026-06-21 07:23:42] Pipeline public video aday sayısı: 69
[2026-06-21 07:23:42] Private'a alınacak: 1 video
[2026-06-21 07:23:42]   [56h] 1izl 0👍 → Naked Mole-Rats Never Get Cancer and Live Up to 30 Years
[2026-06-21 07:23:43]     ✓ PRIVATE
[2026-06-21 07:23:43] === Bitti — 1 video private ===
[2026-06-22 08:47:55] === Kalite temizleyici başladı (kuru=False) ===
[2026-06-22 08:47:55] Pipeline public video aday sayısı: 72
[2026-06-22 08:47:55] Private'a alınacak: 0 video
[2026-06-22 08:47:55] === Bitti — 0 video private ===
[2026-06-23 06:38:35] === Kalite temizleyici başladı (kuru=False) ===
[2026-06-23 06:38:35] Pipeline public video aday sayısı: 75
[2026-06-23 06:38:35] Private'a alınacak: 0 video
[2026-06-23 06:38:35] === Bitti — 0 video private ===
[2026-06-24 06:35:07] === Kalite temizleyici başladı (kuru=False) ===
[2026-06-24 06:35:07] Pipeline public video aday sayısı: 79
[2026-06-24 06:35:08] Private'a alınacak: 0 video
[2026-06-24 06:35:08] === Bitti — 0 video private ===
[2026-06-25 06:38:56] === Kalite temizleyici başladı (kuru=False) ===
[2026-06-25 06:38:56] Pipeline public video aday sayısı: 82
[2026-06-25 07:07:58] === Kalite temizleyici başladı (kuru=True) ===
[2026-06-25 07:07:58] Pipeline public video aday sayısı: 82
[2026-06-25 07:07:58] Private'a alınacak: 0 video
[2026-06-25 07:07:58] === Bitti — 0 video private ===
